[INFO] Disabling enhanced local repository: using legacy is strongly discouraged to ensure build reproducibility.
[INFO] Scanning for projects...
[INFO] 
[INFO] -----------< org.example.devops_talend.job:DevOps_firstjob >------------
[INFO] Building DEVOPS_TALEND DevOps_firstjob-0.1.0 (0.1,Job Designs) 0.1.0
[INFO] --------------------------------[ jar ]---------------------------------
[WARNING] The POM for com.fasterxml.jackson.core:jackson-core:jar:2.9.9 is missing, no dependency information available
[INFO] 
[INFO] --- maven-resources-plugin:3.0.2:resources (default-resources) @ DevOps_firstjob ---
[WARNING] Using platform encoding (UTF-8 actually) to copy filtered resources, i.e. build is platform dependent!
[INFO] Copying 1 resource
[INFO] 
[INFO] --- maven-compiler-plugin:3.6.1:compile (default-compile) @ DevOps_firstjob ---
[WARNING] The POM for org.eclipse.platform:org.eclipse.osgi:jar:3.13.300 is missing, no dependency information available
[WARNING] The POM for org.apache.commons:commons-exec:jar:1.2 is missing, no dependency information available
[INFO] Not compiling main sources
[INFO] 
[INFO] --- maven-resources-plugin:3.0.2:testResources (default-testResources) @ DevOps_firstjob ---
[INFO] Not copying test resources
[INFO] 
[INFO] --- maven-compiler-plugin:3.6.1:testCompile (default-testCompile) @ DevOps_firstjob ---
[INFO] Not compiling test sources
[INFO] 
[INFO] --- maven-surefire-plugin:2.20:test (default-test) @ DevOps_firstjob ---
[INFO] Tests are skipped.
[INFO] 
[INFO] --- maven-jar-plugin:3.0.2:jar (default-jar) @ DevOps_firstjob ---
[INFO] Building jar: E:\Talend_AWS\DEVOPS_TALEND\poms\jobs\process\devops_firstjob_0.1\target\devops_firstjob_0_1.jar
[INFO] 
[INFO] --- maven-assembly-plugin:3.0.0:single (default) @ DevOps_firstjob ---
[INFO] Reading assembly descriptor: E:\Talend_AWS\DEVOPS_TALEND\poms\jobs\process\devops_firstjob_0.1/src/main/assemblies/assembly.xml
[WARNING] Missing POM for com.fasterxml.jackson.core:jackson-core:jar:2.9.9
[WARNING] The POM for org.apache.felix:maven-bundle-plugin:jar:2.1.0 is missing, no dependency information available
[INFO] Building zip: E:\Talend_AWS\DEVOPS_TALEND\poms\jobs\process\devops_firstjob_0.1\target\devops_firstjob_0_1.zip
[INFO] ------------------------------------------------------------------------
[INFO] BUILD SUCCESS
[INFO] ------------------------------------------------------------------------
[INFO] Total time: 3.532 s
[INFO] Finished at: 2019-11-03T15:21:56+05:30
[INFO] ------------------------------------------------------------------------
